  [1m[35m (1.3ms)[0m  [1m[35mSET NAMES utf8,  @@SESSION.sql_mode = CONCAT(CONCAT(@@sql_mode, ',STRICT_ALL_TABLES'), ',NO_AUTO_VALUE_ON_ZERO'),  @@SESSION.sql_auto_is_null = 0, @@SESSION.wait_timeout = 2147483[0m
  ↳ bin/rails:4
  [1m[35m (6.2ms)[0m  [1m[35mCREATE DATABASE `qiita_clone_development` DEFAULT CHARACTER SET `utf8`[0m
  ↳ bin/rails:4
  [1m[35m (0.9ms)[0m  [1m[35mSET NAMES utf8,  @@SESSION.sql_mode = CONCAT(CONCAT(@@sql_mode, ',STRICT_ALL_TABLES'), ',NO_AUTO_VALUE_ON_ZERO'),  @@SESSION.sql_auto_is_null = 0, @@SESSION.wait_timeout = 2147483[0m
  ↳ bin/rails:4
  [1m[35m (6.1ms)[0m  [1m[35mCREATE DATABASE `qiita_clone_test` DEFAULT CHARACTER SET `utf8`[0m
  ↳ bin/rails:4
  [1m[35m (1.0ms)[0m  [1m[35mSET NAMES utf8,  @@SESSION.sql_mode = CONCAT(CONCAT(@@sql_mode, ',STRICT_ALL_TABLES'), ',NO_AUTO_VALUE_ON_ZERO'),  @@SESSION.sql_auto_is_null = 0, @@SESSION.wait_timeout = 2147483[0m
  ↳ (erb):38
  [1m[35m (1.0ms)[0m  [1m[35mSET NAMES utf8,  @@SESSION.sql_mode = CONCAT(CONCAT(@@sql_mode, ',STRICT_ALL_TABLES'), ',NO_AUTO_VALUE_ON_ZERO'),  @@SESSION.sql_auto_is_null = 0, @@SESSION.wait_timeout = 2147483[0m
  ↳ bin/rails:4
  [1m[35m (18.2ms)[0m  [1m[35mCREATE TABLE `schema_migrations` (`version` varchar(255) NOT NULL PRIMARY KEY)[0m
  ↳ bin/rails:4
  [1m[35m (18.1ms)[0m  [1m[35mCREATE TABLE `ar_internal_metadata` (`key` varchar(255) NOT NULL PRIMARY KEY, `value` varchar(255), `created_at` datetime NOT NULL, `updated_at` datetime NOT NULL)[0m
  ↳ bin/rails:4
  [1m[35m (1.5ms)[0m  [1m[34mSELECT GET_LOCK('5397477870685031040', 0)[0m
  ↳ bin/rails:4
  [1m[35m (8.6ms)[0m  [1m[34mSELECT `schema_migrations`.`version` FROM `schema_migrations` ORDER BY `schema_migrations`.`version` ASC[0m
  ↳ bin/rails:4
Migrating to DeviseTokenAuthCreateUsers (20200102132407)
  [1m[35m (25.7ms)[0m  [1m[35mCREATE TABLE `users` (`id` bigint NOT NULL AUTO_INCREMENT PRIMARY KEY, `provider` varchar(255) DEFAULT 'email' NOT NULL, `uid` varchar(255) DEFAULT '' NOT NULL, `encrypted_password` varchar(255) DEFAULT '' NOT NULL, `reset_password_token` varchar(255), `reset_password_sent_at` datetime, `allow_password_change` tinyint(1) DEFAULT FALSE, `remember_created_at` datetime, `confirmation_token` varchar(255), `confirmed_at` datetime, `confirmation_sent_at` datetime, `unconfirmed_email` varchar(255), `name` varchar(255), `email` varchar(255), `password` varchar(255), `tokens` text, `created_at` datetime NOT NULL, `updated_at` datetime NOT NULL)[0m
  ↳ db/migrate/20200102132407_devise_token_auth_create_users.rb:4
  [1m[35m (19.7ms)[0m  [1m[35mCREATE UNIQUE INDEX `index_users_on_email`  ON `users` (`email`) [0m
  ↳ db/migrate/20200102132407_devise_token_auth_create_users.rb:42
  [1m[35m (13.6ms)[0m  [1m[35mCREATE UNIQUE INDEX `index_users_on_uid_and_provider`  ON `users` (`uid`, `provider`) [0m
  ↳ db/migrate/20200102132407_devise_token_auth_create_users.rb:43
  [1m[35m (15.1ms)[0m  [1m[35mCREATE UNIQUE INDEX `index_users_on_reset_password_token`  ON `users` (`reset_password_token`) [0m
  ↳ db/migrate/20200102132407_devise_token_auth_create_users.rb:44
  [1m[35m (14.2ms)[0m  [1m[35mCREATE UNIQUE INDEX `index_users_on_confirmation_token`  ON `users` (`confirmation_token`) [0m
  ↳ db/migrate/20200102132407_devise_token_auth_create_users.rb:45
  [1m[35m (0.7ms)[0m  [1m[35mBEGIN[0m
  ↳ bin/rails:4
  [1m[36mActiveRecord::SchemaMigration Create (1.3ms)[0m  [1m[32mINSERT INTO `schema_migrations` (`version`) VALUES ('20200102132407')[0m
  ↳ bin/rails:4
  [1m[35m (3.0ms)[0m  [1m[35mCOMMIT[0m
  ↳ bin/rails:4
  [1m[36mActiveRecord::InternalMetadata Load (1.0ms)[0m  [1m[34mSELECT  `ar_internal_metadata`.* FROM `ar_internal_metadata` WHERE `ar_internal_metadata`.`key` = 'environment' LIMIT 1[0m
  ↳ bin/rails:4
  [1m[35m (0.8ms)[0m  [1m[35mBEGIN[0m
  ↳ bin/rails:4
  [1m[36mActiveRecord::InternalMetadata Create (1.0ms)[0m  [1m[32mINSERT INTO `ar_internal_metadata` (`key`, `value`, `created_at`, `updated_at`) VALUES ('environment', 'development', '2020-01-02 14:01:00', '2020-01-02 14:01:00')[0m
  ↳ bin/rails:4
  [1m[35m (4.2ms)[0m  [1m[35mCOMMIT[0m
  ↳ bin/rails:4
  [1m[35m (0.9ms)[0m  [1m[34mSELECT RELEASE_LOCK('5397477870685031040')[0m
  ↳ bin/rails:4
  [1m[35m (0.7ms)[0m  [1m[34mSELECT `schema_migrations`.`version` FROM `schema_migrations` ORDER BY `schema_migrations`.`version` ASC[0m
  ↳ bin/rails:4
